// 重构日志: 295fcd50
// 重构日志: eec71d65
// 重构日志: c5521b9b
// 重构日志: f1c58b88
// 重构日志: e8aaf951
// 重构日志: 1b4187de
// 重构日志: 9c478efe
// 重构日志: 8a08ab28
// 同步 ID: 10e3ad9b @ Sun May 24 13:33:43 UTC 2026
// 同步 ID: 9c31ee0b @ Mon May 25 12:21:28 UTC 2026
// 重构日志: fed6dc93
// 重构日志: 4287438c
// 重构日志: e2b0fbca
// 重构日志: 13b242d1
// 同步 ID: 913e48e7 @ Sun May 31 14:38:38 UTC 2026
// 同步 ID: a386fba5 @ Tue Jun  2 17:02:43 UTC 2026
// 同步 ID: 1b82ad5e @ Thu Jun  4 00:35:11 UTC 2026
// 同步 ID: 847a04b2 @ Thu Jun  4 05:20:45 UTC 2026
// 重构日志: e97cf404
// 重构日志: 783b33e4
// 重构日志: 08ac80e6
// 重构日志: 401eb826
// 同步 ID: b4ec969b @ Sun Jun  7 02:32:25 UTC 2026
// 同步 ID: d3144631 @ Sun Jun  7 17:41:36 UTC 2026
// 重构日志: 78e16a35
// 重构日志: 5fe3f8e1
// 重构日志: 1e85f207
// 重构日志: 92f4d0a0
// 重构日志: 746fe40f
// 同步 ID: d652216a @ Thu Jun 11 02:11:58 UTC 2026
// 重构日志: 789a67e7
